{"meta": {"format": 3, "version": "7.6.1", "timestamp": "2024-10-24T11:16:37.345913", "branch_coverage": false, "show_contexts": false}, "files": {"execexam/__init__.py": {"executed_lines": [0], "summary": {"covered_lines": 0, "num_statements": 0, "percent_covered": 100.0, "percent_covered_display": "100", "missing_lines": 0, "excluded_lines": 0}, "missing_lines": [], "excluded_lines": [], "functions": {"": {"executed_lines": [], "summary": {"covered_lines": 0, "num_statements": 0, "percent_covered": 100.0, "percent_covered_display": "100", "missing_lines": 0, "excluded_lines": 0}, "missing_lines": [], "excluded_lines": []}}, "classes": {"": {"executed_lines": [], "summary": {"covered_lines": 0, "num_statements": 0, "percent_covered": 100.0, "percent_covered_display": "100", "missing_lines": 0, "excluded_lines": 0}, "missing_lines": [], "excluded_lines": []}}}, "execexam/advise.py": {"executed_lines": [], "summary": {"covered_lines": 0, "num_statements": 48, "percent_covered": 0.0, "percent_covered_display": "0", "missing_lines": 48, "excluded_lines": 0}, "missing_lines": [3, 4, 6, 7, 8, 9, 10, 12, 15, 23, 26, 28, 29, 30, 33, 39, 47, 48, 49, 52, 55, 62, 71, 72, 73, 76, 77, 86, 87, 88, 91, 94, 108, 114, 123, 139, 141, 147, 148, 162, 170, 174, 181, 187, 191, 192, 204, 212], "excluded_lines": [], "functions": {"load_litellm": {"executed_lines": [], "summary": {"covered_lines": 0, "num_statements": 1, "percent_covered": 0.0, "percent_covered_display": "0", "missing_lines": 1, "excluded_lines": 0}, "missing_lines": [23], "excluded_lines": []}, "validate_url": {"executed_lines": [], "summary": {"covered_lines": 0, "num_statements": 3, "percent_covered": 0.0, "percent_covered_display": "0", "missing_lines": 3, "excluded_lines": 0}, "missing_lines": [28, 29, 30], "excluded_lines": []}, "check_advice_model": {"executed_lines": [], "summary": {"covered_lines": 0, "num_statements": 5, "percent_covered": 0.0, "percent_covered_display": "0", "missing_lines": 5, "excluded_lines": 0}, "missing_lines": [39, 47, 48, 49, 52], "excluded_lines": []}, "check_advice_server": {"executed_lines": [], "summary": {"covered_lines": 0, "num_statements": 10, "percent_covered": 0.0, "percent_covered_display": "0", "missing_lines": 10, "excluded_lines": 0}, "missing_lines": [62, 71, 72, 73, 76, 77, 86, 87, 88, 91], "excluded_lines": []}, "fix_failures": {"executed_lines": [], "summary": {"covered_lines": 0, "num_statements": 16, "percent_covered": 0.0, "percent_covered_display": "0", "missing_lines": 16, "excluded_lines": 0}, "missing_lines": [108, 114, 123, 139, 141, 147, 148, 162, 170, 174, 181, 187, 191, 192, 204, 212], "excluded_lines": []}, "": {"executed_lines": [], "summary": {"covered_lines": 0, "num_statements": 13, "percent_covered": 0.0, "percent_covered_display": "0", "missing_lines": 13, "excluded_lines": 0}, "missing_lines": [3, 4, 6, 7, 8, 9, 10, 12, 15, 26, 33, 55, 94], "excluded_lines": []}}, "classes": {"": {"executed_lines": [], "summary": {"covered_lines": 0, "num_statements": 48, "percent_covered": 0.0, "percent_covered_display": "0", "missing_lines": 48, "excluded_lines": 0}, "missing_lines": [3, 4, 6, 7, 8, 9, 10, 12, 15, 23, 26, 28, 29, 30, 33, 39, 47, 48, 49, 52, 55, 62, 71, 72, 73, 76, 77, 86, 87, 88, 91, 94, 108, 114, 123, 139, 141, 147, 148, 162, 170, 174, 181, 187, 191, 192, 204, 212], "excluded_lines": []}}}, "execexam/convert.py": {"executed_lines": [1, 3, 6, 9, 14, 15, 16, 18], "summary": {"covered_lines": 7, "num_statements": 7, "percent_covered": 100.0, "percent_covered_display": "100", "missing_lines": 0, "excluded_lines": 0}, "missing_lines": [], "excluded_lines": [], "functions": {"path_to_string": {"executed_lines": [9, 14, 15, 16, 18], "summary": {"covered_lines": 5, "num_statements": 5, "percent_covered": 100.0, "percent_covered_display": "100", "missing_lines": 0, "excluded_lines": 0}, "missing_lines": [], "excluded_lines": []}, "": {"executed_lines": [1, 3, 6], "summary": {"covered_lines": 2, "num_statements": 2, "percent_covered": 100.0, "percent_covered_display": "100", "missing_lines": 0, "excluded_lines": 0}, "missing_lines": [], "excluded_lines": []}}, "classes": {"": {"executed_lines": [1, 3, 6, 9, 14, 15, 16, 18], "summary": {"covered_lines": 7, "num_statements": 7, "percent_covered": 100.0, "percent_covered_display": "100", "missing_lines": 0, "excluded_lines": 0}, "missing_lines": [], "excluded_lines": []}}}, "execexam/debug.py": {"executed_lines": [], "summary": {"covered_lines": 0, "num_statements": 22, "percent_covered": 0.0, "percent_covered_display": "0", "missing_lines": 22, "excluded_lines": 0}, "missing_lines": [3, 4, 7, 10, 13, 16, 19, 22, 25, 26, 27, 30, 35, 37, 38, 41, 43, 46, 51, 52, 53, 56], "excluded_lines": [], "functions": {"debug": {"executed_lines": [], "summary": {"covered_lines": 0, "num_statements": 2, "percent_covered": 0.0, "percent_covered_display": "0", "missing_lines": 2, "excluded_lines": 0}, "missing_lines": [37, 38], "excluded_lines": []}, "has_debugging_messages": {"executed_lines": [], "summary": {"covered_lines": 0, "num_statements": 1, "percent_covered": 0.0, "percent_covered_display": "0", "missing_lines": 1, "excluded_lines": 0}, "missing_lines": [43], "excluded_lines": []}, "get_debugging_messages": {"executed_lines": [], "summary": {"covered_lines": 0, "num_statements": 4, "percent_covered": 0.0, "percent_covered_display": "0", "missing_lines": 4, "excluded_lines": 0}, "missing_lines": [51, 52, 53, 56], "excluded_lines": []}, "": {"executed_lines": [], "summary": {"covered_lines": 0, "num_statements": 15, "percent_covered": 0.0, "percent_covered_display": "0", "missing_lines": 15, "excluded_lines": 0}, "missing_lines": [3, 4, 7, 10, 13, 16, 19, 22, 25, 26, 27, 30, 35, 41, 46], "excluded_lines": []}}, "classes": {"Debug": {"executed_lines": [], "summary": {"covered_lines": 0, "num_statements": 0, "percent_covered": 100.0, "percent_covered_display": "100", "missing_lines": 0, "excluded_lines": 0}, "missing_lines": [], "excluded_lines": []}, "": {"executed_lines": [], "summary": {"covered_lines": 0, "num_statements": 22, "percent_covered": 0.0, "percent_covered_display": "0", "missing_lines": 22, "excluded_lines": 0}, "missing_lines": [3, 4, 7, 10, 13, 16, 19, 22, 25, 26, 27, 30, 35, 37, 38, 41, 43, 46, 51, 52, 53, 56], "excluded_lines": []}}}, "execexam/display.py": {"executed_lines": [], "summary": {"covered_lines": 0, "num_statements": 36, "percent_covered": 0.0, "percent_covered_display": "0", "missing_lines": 36, "excluded_lines": 0}, "missing_lines": [3, 5, 6, 7, 9, 12, 14, 19, 21, 23, 24, 27, 28, 29, 30, 33, 35, 38, 39, 43, 47, 48, 51, 64, 70, 74, 75, 78, 79, 84, 95, 106, 107, 112, 113, 118], "excluded_lines": [], "functions": {"make_colon_separated_string": {"executed_lines": [], "summary": {"covered_lines": 0, "num_statements": 1, "percent_covered": 0.0, "percent_covered_display": "0", "missing_lines": 1, "excluded_lines": 0}, "missing_lines": [14], "excluded_lines": []}, "get_display_return_code": {"executed_lines": [], "summary": {"covered_lines": 0, "num_statements": 7, "percent_covered": 0.0, "percent_covered_display": "0", "missing_lines": 7, "excluded_lines": 0}, "missing_lines": [21, 23, 24, 27, 28, 29, 30], "excluded_lines": []}, "display_advice": {"executed_lines": [], "summary": {"covered_lines": 0, "num_statements": 6, "percent_covered": 0.0, "percent_covered_display": "0", "missing_lines": 6, "excluded_lines": 0}, "missing_lines": [35, 38, 39, 43, 47, 48], "excluded_lines": []}, "display_content": {"executed_lines": [], "summary": {"covered_lines": 0, "num_statements": 13, "percent_covered": 0.0, "percent_covered_display": "0", "missing_lines": 13, "excluded_lines": 0}, "missing_lines": [64, 70, 74, 75, 78, 79, 84, 95, 106, 107, 112, 113, 118], "excluded_lines": []}, "": {"executed_lines": [], "summary": {"covered_lines": 0, "num_statements": 9, "percent_covered": 0.0, "percent_covered_display": "0", "missing_lines": 9, "excluded_lines": 0}, "missing_lines": [3, 5, 6, 7, 9, 12, 19, 33, 51], "excluded_lines": []}}, "classes": {"": {"executed_lines": [], "summary": {"covered_lines": 0, "num_statements": 36, "percent_covered": 0.0, "percent_covered_display": "0", "missing_lines": 36, "excluded_lines": 0}, "missing_lines": [3, 5, 6, 7, 9, 12, 14, 19, 21, 23, 24, 27, 28, 29, 30, 33, 35, 38, 39, 43, 47, 48, 51, 64, 70, 74, 75, 78, 79, 84, 95, 106, 107, 112, 113, 118], "excluded_lines": []}}}, "execexam/enumerations.py": {"executed_lines": [], "summary": {"covered_lines": 0, "num_statements": 17, "percent_covered": 0.0, "percent_covered_display": "0", "missing_lines": 17, "excluded_lines": 0}, "missing_lines": [3, 6, 9, 10, 13, 16, 17, 20, 23, 24, 25, 26, 27, 28, 29, 30, 31], "excluded_lines": [], "functions": {"": {"executed_lines": [], "summary": {"covered_lines": 0, "num_statements": 17, "percent_covered": 0.0, "percent_covered_display": "0", "missing_lines": 17, "excluded_lines": 0}, "missing_lines": [3, 6, 9, 10, 13, 16, 17, 20, 23, 24, 25, 26, 27, 28, 29, 30, 31], "excluded_lines": []}}, "classes": {"AdviceMethod": {"executed_lines": [], "summary": {"covered_lines": 0, "num_statements": 0, "percent_covered": 100.0, "percent_covered_display": "100", "missing_lines": 0, "excluded_lines": 0}, "missing_lines": [], "excluded_lines": []}, "Theme": {"executed_lines": [], "summary": {"covered_lines": 0, "num_statements": 0, "percent_covered": 100.0, "percent_covered_display": "100", "missing_lines": 0, "excluded_lines": 0}, "missing_lines": [], "excluded_lines": []}, "ReportType": {"executed_lines": [], "summary": {"covered_lines": 0, "num_statements": 0, "percent_covered": 100.0, "percent_covered_display": "100", "missing_lines": 0, "excluded_lines": 0}, "missing_lines": [], "excluded_lines": []}, "": {"executed_lines": [], "summary": {"covered_lines": 0, "num_statements": 17, "percent_covered": 0.0, "percent_covered_display": "0", "missing_lines": 17, "excluded_lines": 0}, "missing_lines": [3, 6, 9, 10, 13, 16, 17, 20, 23, 24, 25, 26, 27, 28, 29, 30, 31], "excluded_lines": []}}}, "execexam/extract.py": {"executed_lines": [1, 3, 4, 6, 9, 11, 12, 13, 16, 18, 20, 21, 22, 23, 24, 27, 31, 33, 34, 37, 40, 43, 46, 49, 50, 51, 52, 56, 58, 61, 63, 66, 67, 68, 71, 76, 80, 82, 85, 86, 89, 90, 94, 97, 102, 106, 108, 110, 111, 112, 115, 117, 118, 120, 122, 125, 128, 130, 134, 136, 137, 138, 141, 144, 145, 147, 148, 149, 151, 154, 157, 159, 161, 162, 164, 167, 172, 174, 177, 178, 180], "summary": {"covered_lines": 80, "num_statements": 80, "percent_covered": 100.0, "percent_covered_display": "100", "missing_lines": 0, "excluded_lines": 0}, "missing_lines": [], "excluded_lines": [], "functions": {"is_failing_test_details_empty": {"executed_lines": [11, 12, 13], "summary": {"covered_lines": 3, "num_statements": 3, "percent_covered": 100.0, "percent_covered_display": "100", "missing_lines": 0, "excluded_lines": 0}, "missing_lines": [], "excluded_lines": []}, "extract_details": {"executed_lines": [18, 20, 21, 22, 23, 24], "summary": {"covered_lines": 6, "num_statements": 6, "percent_covered": 100.0, "percent_covered_display": "100", "missing_lines": 0, "excluded_lines": 0}, "missing_lines": [], "excluded_lines": []}, "extract_test_run_details": {"executed_lines": [31, 33, 34], "summary": {"covered_lines": 3, "num_statements": 3, "percent_covered": 100.0, "percent_covered_display": "100", "missing_lines": 0, "excluded_lines": 0}, "missing_lines": [], "excluded_lines": []}, "extract_test_assertion_details": {"executed_lines": [40, 43, 46, 49, 50, 51, 52, 56, 58], "summary": {"covered_lines": 9, "num_statements": 9, "percent_covered": 100.0, "percent_covered_display": "100", "missing_lines": 0, "excluded_lines": 0}, "missing_lines": [], "excluded_lines": []}, "extract_test_assertion_details_list": {"executed_lines": [63, 66, 67, 68], "summary": {"covered_lines": 4, "num_statements": 4, "percent_covered": 100.0, "percent_covered_display": "100", "missing_lines": 0, "excluded_lines": 0}, "missing_lines": [], "excluded_lines": []}, "extract_test_assertions_details": {"executed_lines": [76, 80, 82, 85, 86, 89, 90, 94], "summary": {"covered_lines": 8, "num_statements": 8, "percent_covered": 100.0, "percent_covered_display": "100", "missing_lines": 0, "excluded_lines": 0}, "missing_lines": [], "excluded_lines": []}, "extract_failing_test_details": {"executed_lines": [102, 106, 108, 110, 111, 112, 115, 117, 118, 120, 122, 125, 128, 130, 134, 136, 137, 138, 141, 144, 145, 147, 148, 149, 151], "summary": {"covered_lines": 25, "num_statements": 25, "percent_covered": 100.0, "percent_covered_display": "100", "missing_lines": 0, "excluded_lines": 0}, "missing_lines": [], "excluded_lines": []}, "extract_test_output": {"executed_lines": [157, 159, 161, 162, 164], "summary": {"covered_lines": 5, "num_statements": 5, "percent_covered": 100.0, "percent_covered_display": "100", "missing_lines": 0, "excluded_lines": 0}, "missing_lines": [], "excluded_lines": []}, "extract_test_output_multiple_labels": {"executed_lines": [172, 174, 177, 178, 180], "summary": {"covered_lines": 5, "num_statements": 5, "percent_covered": 100.0, "percent_covered_display": "100", "missing_lines": 0, "excluded_lines": 0}, "missing_lines": [], "excluded_lines": []}, "": {"executed_lines": [1, 3, 4, 6, 9, 16, 27, 37, 61, 71, 97, 154, 167], "summary": {"covered_lines": 12, "num_statements": 12, "percent_covered": 100.0, "percent_covered_display": "100", "missing_lines": 0, "excluded_lines": 0}, "missing_lines": [], "excluded_lines": []}}, "classes": {"": {"executed_lines": [1, 3, 4, 6, 9, 11, 12, 13, 16, 18, 20, 21, 22, 23, 24, 27, 31, 33, 34, 37, 40, 43, 46, 49, 50, 51, 52, 56, 58, 61, 63, 66, 67, 68, 71, 76, 80, 82, 85, 86, 89, 90, 94, 97, 102, 106, 108, 110, 111, 112, 115, 117, 118, 120, 122, 125, 128, 130, 134, 136, 137, 138, 141, 144, 145, 147, 148, 149, 151, 154, 157, 159, 161, 162, 164, 167, 172, 174, 177, 178, 180], "summary": {"covered_lines": 80, "num_statements": 80, "percent_covered": 100.0, "percent_covered_display": "100", "missing_lines": 0, "excluded_lines": 0}, "missing_lines": [], "excluded_lines": []}}}, "execexam/main.py": {"executed_lines": [], "summary": {"covered_lines": 0, "num_statements": 105, "percent_covered": 0.0, "percent_covered_display": "0", "missing_lines": 105, "excluded_lines": 0}, "missing_lines": [3, 4, 5, 6, 7, 8, 9, 10, 11, 13, 14, 15, 16, 18, 19, 20, 25, 28, 31, 34, 37, 40, 41, 75, 79, 83, 86, 87, 91, 92, 95, 96, 98, 103, 106, 107, 109, 110, 111, 129, 130, 131, 132, 135, 139, 140, 141, 159, 164, 180, 184, 185, 186, 189, 192, 195, 199, 202, 208, 209, 213, 214, 215, 236, 240, 242, 247, 248, 249, 262, 263, 264, 268, 270, 279, 280, 283, 284, 285, 300, 301, 309, 310, 311, 312, 315, 316, 322, 323, 336, 342, 343, 344, 345, 358, 359, 360, 361, 362, 363, 377, 379, 380, 381, 395], "excluded_lines": [], "functions": {"run": {"executed_lines": [], "summary": {"covered_lines": 0, "num_statements": 82, "percent_covered": 0.0, "percent_covered_display": "0", "missing_lines": 82, "excluded_lines": 0}, "missing_lines": [75, 79, 83, 86, 87, 91, 92, 95, 96, 98, 103, 106, 107, 109, 110, 111, 129, 130, 131, 132, 135, 139, 140, 141, 159, 164, 180, 184, 185, 186, 189, 192, 195, 199, 202, 208, 209, 213, 214, 215, 236, 240, 242, 247, 248, 249, 262, 263, 264, 268, 270, 279, 280, 283, 284, 285, 300, 301, 309, 310, 311, 312, 315, 316, 322, 323, 336, 342, 343, 344, 345, 358, 359, 360, 361, 362, 363, 377, 379, 380, 381, 395], "excluded_lines": []}, "": {"executed_lines": [], "summary": {"covered_lines": 0, "num_statements": 23, "percent_covered": 0.0, "percent_covered_display": "0", "missing_lines": 23, "excluded_lines": 0}, "missing_lines": [3, 4, 5, 6, 7, 8, 9, 10, 11, 13, 14, 15, 16, 18, 19, 20, 25, 28, 31, 34, 37, 40, 41], "excluded_lines": []}}, "classes": {"": {"executed_lines": [], "summary": {"covered_lines": 0, "num_statements": 105, "percent_covered": 0.0, "percent_covered_display": "0", "missing_lines": 105, "excluded_lines": 0}, "missing_lines": [3, 4, 5, 6, 7, 8, 9, 10, 11, 13, 14, 15, 16, 18, 19, 20, 25, 28, 31, 34, 37, 40, 41, 75, 79, 83, 86, 87, 91, 92, 95, 96, 98, 103, 106, 107, 109, 110, 111, 129, 130, 131, 132, 135, 139, 140, 141, 159, 164, 180, 184, 185, 186, 189, 192, 195, 199, 202, 208, 209, 213, 214, 215, 236, 240, 242, 247, 248, 249, 262, 263, 264, 268, 270, 279, 280, 283, 284, 285, 300, 301, 309, 310, 311, 312, 315, 316, 322, 323, 336, 342, 343, 344, 345, 358, 359, 360, 361, 362, 363, 377, 379, 380, 381, 395], "excluded_lines": []}}}, "execexam/pytest_plugin.py": {"executed_lines": [], "summary": {"covered_lines": 0, "num_statements": 88, "percent_covered": 0.0, "percent_covered_display": "0", "missing_lines": 88, "excluded_lines": 0}, "missing_lines": [3, 5, 6, 7, 11, 20, 27, 32, 35, 40, 41, 42, 43, 46, 50, 51, 52, 55, 57, 58, 60, 63, 65, 68, 69, 72, 79, 81, 83, 86, 91, 98, 101, 103, 104, 109, 114, 117, 120, 125, 127, 130, 131, 132, 135, 137, 140, 143, 144, 146, 149, 152, 154, 156, 158, 159, 160, 163, 164, 168, 169, 170, 174, 184, 185, 188, 189, 190, 197, 199, 202, 212, 215, 218, 219, 222, 225, 227, 229, 231, 232, 233, 236, 237, 242, 243, 244, 247], "excluded_lines": [], "functions": {"pytest_configure": {"executed_lines": [], "summary": {"covered_lines": 0, "num_statements": 1, "percent_covered": 0.0, "percent_covered_display": "0", "missing_lines": 1, "excluded_lines": 0}, "missing_lines": [27], "excluded_lines": []}, "extract_single_line": {"executed_lines": [], "summary": {"covered_lines": 0, "num_statements": 5, "percent_covered": 0.0, "percent_covered_display": "0", "missing_lines": 5, "excluded_lines": 0}, "missing_lines": [35, 40, 41, 42, 43], "excluded_lines": []}, "extract_exception_details": {"executed_lines": [], "summary": {"covered_lines": 0, "num_statements": 15, "percent_covered": 0.0, "percent_covered_display": "0", "missing_lines": 15, "excluded_lines": 0}, "missing_lines": [50, 51, 52, 55, 57, 58, 60, 63, 65, 68, 69, 72, 79, 81, 83], "excluded_lines": []}, "pytest_collection_modifyitems": {"executed_lines": [], "summary": {"covered_lines": 0, "num_statements": 1, "percent_covered": 0.0, "percent_covered_display": "0", "missing_lines": 1, "excluded_lines": 0}, "missing_lines": [91], "excluded_lines": []}, "pytest_runtest_call": {"executed_lines": [], "summary": {"covered_lines": 0, "num_statements": 3, "percent_covered": 0.0, "percent_covered_display": "0", "missing_lines": 3, "excluded_lines": 0}, "missing_lines": [101, 103, 104], "excluded_lines": []}, "pytest_runtest_protocol": {"executed_lines": [], "summary": {"covered_lines": 0, "num_statements": 2, "percent_covered": 0.0, "percent_covered_display": "0", "missing_lines": 2, "excluded_lines": 0}, "missing_lines": [114, 117], "excluded_lines": []}, "pytest_exception_interact": {"executed_lines": [], "summary": {"covered_lines": 0, "num_statements": 31, "percent_covered": 0.0, "percent_covered_display": "0", "missing_lines": 31, "excluded_lines": 0}, "missing_lines": [125, 127, 130, 131, 132, 135, 137, 140, 143, 144, 146, 149, 152, 154, 156, 158, 159, 160, 163, 164, 168, 169, 170, 174, 184, 185, 188, 189, 190, 197, 199], "excluded_lines": []}, "pytest_assertion_pass": {"executed_lines": [], "summary": {"covered_lines": 0, "num_statements": 17, "percent_covered": 0.0, "percent_covered_display": "0", "missing_lines": 17, "excluded_lines": 0}, "missing_lines": [212, 215, 218, 219, 222, 225, 227, 229, 231, 232, 233, 236, 237, 242, 243, 244, 247], "excluded_lines": []}, "": {"executed_lines": [], "summary": {"covered_lines": 0, "num_statements": 13, "percent_covered": 0.0, "percent_covered_display": "0", "missing_lines": 13, "excluded_lines": 0}, "missing_lines": [3, 5, 6, 7, 11, 20, 32, 46, 86, 98, 109, 120, 202], "excluded_lines": []}}, "classes": {"": {"executed_lines": [], "summary": {"covered_lines": 0, "num_statements": 88, "percent_covered": 0.0, "percent_covered_display": "0", "missing_lines": 88, "excluded_lines": 0}, "missing_lines": [3, 5, 6, 7, 11, 20, 27, 32, 35, 40, 41, 42, 43, 46, 50, 51, 52, 55, 57, 58, 60, 63, 65, 68, 69, 72, 79, 81, 83, 86, 91, 98, 101, 103, 104, 109, 114, 117, 120, 125, 127, 130, 131, 132, 135, 137, 140, 143, 144, 146, 149, 152, 154, 156, 158, 159, 160, 163, 164, 168, 169, 170, 174, 184, 185, 188, 189, 190, 197, 199, 202, 212, 215, 218, 219, 222, 225, 227, 229, 231, 232, 233, 236, 237, 242, 243, 244, 247], "excluded_lines": []}}}, "execexam/util.py": {"executed_lines": [], "summary": {"covered_lines": 0, "num_statements": 14, "percent_covered": 0.0, "percent_covered_display": "0", "missing_lines": 14, "excluded_lines": 0}, "missing_lines": [3, 6, 8, 11, 12, 13, 14, 15, 16, 17, 18, 19, 20, 21], "excluded_lines": [], "functions": {"determine_execexam_return_code": {"executed_lines": [], "summary": {"covered_lines": 0, "num_statements": 12, "percent_covered": 0.0, "percent_covered_display": "0", "missing_lines": 12, "excluded_lines": 0}, "missing_lines": [8, 11, 12, 13, 14, 15, 16, 17, 18, 19, 20, 21], "excluded_lines": []}, "": {"executed_lines": [], "summary": {"covered_lines": 0, "num_statements": 2, "percent_covered": 0.0, "percent_covered_display": "0", "missing_lines": 2, "excluded_lines": 0}, "missing_lines": [3, 6], "excluded_lines": []}}, "classes": {"": {"executed_lines": [], "summary": {"covered_lines": 0, "num_statements": 14, "percent_covered": 0.0, "percent_covered_display": "0", "missing_lines": 14, "excluded_lines": 0}, "missing_lines": [3, 6, 8, 11, 12, 13, 14, 15, 16, 17, 18, 19, 20, 21], "excluded_lines": []}}}}, "totals": {"covered_lines": 87, "num_statements": 417, "percent_covered": 20.863309352517987, "percent_covered_display": "21", "missing_lines": 330, "excluded_lines": 0}}