{
    "meta": {
        "format": 3,
        "version": "7.6.1",
        "timestamp": "2024-11-06T10:20:15.130590",
        "branch_coverage": true,
        "show_contexts": true
    },
    "files": {
        "execexam/__init__.py": {
            "executed_lines": [],
            "summary": {
                "covered_lines": 0,
                "num_statements": 0,
                "percent_covered": 100.0,
                "percent_covered_display": "100",
                "missing_lines": 0,
                "excluded_lines": 0,
                "num_branches": 0,
                "num_partial_branches": 0,
                "covered_branches": 0,
                "missing_branches": 0
            },
            "missing_lines": [],
            "excluded_lines": [],
            "contexts": {},
            "executed_branches": [],
            "missing_branches": [],
            "functions": {
                "": {
                    "executed_lines": [],
                    "summary": {
                        "covered_lines": 0,
                        "num_statements": 0,
                        "percent_covered": 100.0,
                        "percent_covered_display": "100",
                        "missing_lines": 0,
                        "excluded_lines": 0,
                        "num_branches": 0,
                        "num_partial_branches": 0,
                        "covered_branches": 0,
                        "missing_branches": 0
                    },
                    "missing_lines": [],
                    "excluded_lines": [],
                    "contexts": {},
                    "executed_branches": [],
                    "missing_branches": []
                }
            },
            "classes": {
                "": {
                    "executed_lines": [],
                    "summary": {
                        "covered_lines": 0,
                        "num_statements": 0,
                        "percent_covered": 100.0,
                        "percent_covered_display": "100",
                        "missing_lines": 0,
                        "excluded_lines": 0,
                        "num_branches": 0,
                        "num_partial_branches": 0,
                        "covered_branches": 0,
                        "missing_branches": 0
                    },
                    "missing_lines": [],
                    "excluded_lines": [],
                    "contexts": {},
                    "executed_branches": [],
                    "missing_branches": []
                }
            }
        },
        "execexam/advise.py": {
            "executed_lines": [
                1,
                3,
                4,
                5,
                6,
                8,
                9,
                10,
                11,
                12,
                14,
                17,
                28,
                30,
                31,
                32,
                35,
                47,
                50,
                57,
                58,
                60,
                62,
                65,
                67,
                70,
                76,
                92,
                99,
                114,
                131
            ],
            "summary": {
                "covered_lines": 30,
                "num_statements": 64,
                "percent_covered": 41.666666666666664,
                "percent_covered_display": "42",
                "missing_lines": 34,
                "excluded_lines": 0,
                "num_branches": 20,
                "num_partial_branches": 3,
                "covered_branches": 5,
                "missing_branches": 15
            },
            "missing_lines": [
                25,
                38,
                42,
                84,
                85,
                86,
                89,
                108,
                109,
                110,
                113,
                123,
                124,
                125,
                128,
                145,
                148,
                149,
                150,
                156,
                165,
                181,
                183,
                189,
                190,
                204,
                212,
                216,
                223,
                229,
                233,
                234,
                246,
                254
            ],
            "excluded_lines": [],
            "contexts": {
                "1": [
                    "",
                    "tests/test_main.py::test_run_with_missing_test|run"
                ],
                "3": [
                    "",
                    "tests/test_main.py::test_run_with_missing_test|run"
                ],
                "4": [
                    "",
                    "tests/test_main.py::test_run_with_missing_test|run"
                ],
                "5": [
                    "",
                    "tests/test_main.py::test_run_with_missing_test|run"
                ],
                "6": [
                    "",
                    "tests/test_main.py::test_run_with_missing_test|run"
                ],
                "8": [
                    "",
                    "tests/test_main.py::test_run_with_missing_test|run"
                ],
                "9": [
                    "",
                    "tests/test_main.py::test_run_with_missing_test|run"
                ],
                "10": [
                    "",
                    "tests/test_main.py::test_run_with_missing_test|run"
                ],
                "11": [
                    "",
                    "tests/test_main.py::test_run_with_missing_test|run"
                ],
                "12": [
                    "",
                    "tests/test_main.py::test_run_with_missing_test|run"
                ],
                "14": [
                    "",
                    "tests/test_main.py::test_run_with_missing_test|run"
                ],
                "17": [
                    "",
                    "tests/test_main.py::test_run_with_missing_test|run"
                ],
                "28": [
                    "",
                    "tests/test_main.py::test_run_with_missing_test|run"
                ],
                "35": [
                    "",
                    "tests/test_main.py::test_run_with_missing_test|run"
                ],
                "47": [
                    "",
                    "tests/test_main.py::test_run_with_missing_test|run"
                ],
                "70": [
                    "",
                    "tests/test_main.py::test_run_with_missing_test|run"
                ],
                "71": [
                    "",
                    "tests/test_main.py::test_run_with_missing_test|run"
                ],
                "72": [
                    "",
                    "tests/test_main.py::test_run_with_missing_test|run"
                ],
                "73": [
                    "",
                    "tests/test_main.py::test_run_with_missing_test|run"
                ],
                "74": [
                    "",
                    "tests/test_main.py::test_run_with_missing_test|run"
                ],
                "92": [
                    "",
                    "tests/test_main.py::test_run_with_missing_test|run"
                ],
                "93": [
                    "",
                    "tests/test_main.py::test_run_with_missing_test|run"
                ],
                "94": [
                    "",
                    "tests/test_main.py::test_run_with_missing_test|run"
                ],
                "95": [
                    "",
                    "tests/test_main.py::test_run_with_missing_test|run"
                ],
                "96": [
                    "",
                    "tests/test_main.py::test_run_with_missing_test|run"
                ],
                "97": [
                    "",
                    "tests/test_main.py::test_run_with_missing_test|run"
                ],
                "142": [
                    "",
                    "tests/test_main.py::test_run_with_missing_test|run"
                ],
                "131": [
                    "",
                    "tests/test_main.py::test_run_with_missing_test|run"
                ],
                "132": [
                    "",
                    "tests/test_main.py::test_run_with_missing_test|run"
                ],
                "133": [
                    "",
                    "tests/test_main.py::test_run_with_missing_test|run"
                ],
                "134": [
                    "",
                    "tests/test_main.py::test_run_with_missing_test|run"
                ],
                "135": [
                    "",
                    "tests/test_main.py::test_run_with_missing_test|run"
                ],
                "136": [
                    "",
                    "tests/test_main.py::test_run_with_missing_test|run"
                ],
                "137": [
                    "",
                    "tests/test_main.py::test_run_with_missing_test|run"
                ],
                "138": [
                    "",
                    "tests/test_main.py::test_run_with_missing_test|run"
                ],
                "139": [
                    "",
                    "tests/test_main.py::test_run_with_missing_test|run"
                ],
                "140": [
                    "",
                    "tests/test_main.py::test_run_with_missing_test|run"
                ],
                "141": [
                    "",
                    "tests/test_main.py::test_run_with_missing_test|run"
                ],
                "50": [
                    "tests/test_advise.py::test_check_internet_connection_success|run",
                    "tests/test_advise.py::test_check_internet_connection_failure|run",
                    "tests/test_advise.py::test_check_internet_connection_different_dns[dns_server0]|run",
                    "tests/test_advise.py::test_check_internet_connection_different_dns[dns_server3]|run",
                    "tests/test_advise.py::test_check_internet_connection_different_dns[dns_server2]|run",
                    "tests/test_advise.py::test_check_internet_connection_different_dns[dns_server1]|run",
                    "tests/test_advise.py::test_check_internet_connection_timeout|run"
                ],
                "57": [
                    "tests/test_advise.py::test_check_internet_connection_success|run",
                    "tests/test_advise.py::test_check_internet_connection_failure|run",
                    "tests/test_advise.py::test_check_internet_connection_different_dns[dns_server0]|run",
                    "tests/test_advise.py::test_check_internet_connection_different_dns[dns_server3]|run",
                    "tests/test_advise.py::test_check_internet_connection_different_dns[dns_server2]|run",
                    "tests/test_advise.py::test_check_internet_connection_different_dns[dns_server1]|run",
                    "tests/test_advise.py::test_check_internet_connection_timeout|run"
                ],
                "58": [
                    "tests/test_advise.py::test_check_internet_connection_success|run",
                    "tests/test_advise.py::test_check_internet_connection_failure|run",
                    "tests/test_advise.py::test_check_internet_connection_different_dns[dns_server0]|run",
                    "tests/test_advise.py::test_check_internet_connection_different_dns[dns_server3]|run",
                    "tests/test_advise.py::test_check_internet_connection_different_dns[dns_server2]|run",
                    "tests/test_advise.py::test_check_internet_connection_different_dns[dns_server1]|run",
                    "tests/test_advise.py::test_check_internet_connection_timeout|run"
                ],
                "60": [
                    "tests/test_advise.py::test_check_internet_connection_success|run",
                    "tests/test_advise.py::test_check_internet_connection_failure|run",
                    "tests/test_advise.py::test_check_internet_connection_different_dns[dns_server0]|run",
                    "tests/test_advise.py::test_check_internet_connection_different_dns[dns_server3]|run",
                    "tests/test_advise.py::test_check_internet_connection_different_dns[dns_server2]|run",
                    "tests/test_advise.py::test_check_internet_connection_different_dns[dns_server1]|run",
                    "tests/test_advise.py::test_check_internet_connection_timeout|run"
                ],
                "62": [
                    "tests/test_advise.py::test_check_internet_connection_success|run",
                    "tests/test_advise.py::test_check_internet_connection_different_dns[dns_server0]|run",
                    "tests/test_advise.py::test_check_internet_connection_different_dns[dns_server3]|run",
                    "tests/test_advise.py::test_check_internet_connection_different_dns[dns_server2]|run",
                    "tests/test_advise.py::test_check_internet_connection_different_dns[dns_server1]|run"
                ],
                "65": [
                    "tests/test_advise.py::test_check_internet_connection_failure|run",
                    "tests/test_advise.py::test_check_internet_connection_timeout|run"
                ],
                "67": [
                    "tests/test_advise.py::test_check_internet_connection_failure|run",
                    "tests/test_advise.py::test_check_internet_connection_timeout|run"
                ],
                "30": [
                    "tests/test_advise.py::test_validate_url|run"
                ],
                "31": [
                    "tests/test_advise.py::test_validate_url|run"
                ],
                "32": [
                    "tests/test_advise.py::test_validate_url|run"
                ],
                "100": [
                    "tests/test_main.py::test_run_with_missing_test|run"
                ],
                "77": [
                    "tests/test_main.py::test_run_with_missing_test|run"
                ],
                "79": [
                    "tests/test_main.py::test_run_with_missing_test|run"
                ],
                "80": [
                    "tests/test_main.py::test_run_with_missing_test|run"
                ],
                "102": [
                    "tests/test_main.py::test_run_with_missing_test|run"
                ],
                "103": [
                    "tests/test_main.py::test_run_with_missing_test|run"
                ],
                "115": [
                    "tests/test_main.py::test_run_with_missing_test|run"
                ],
                "117": [
                    "tests/test_main.py::test_run_with_missing_test|run"
                ],
                "118": [
                    "tests/test_main.py::test_run_with_missing_test|run"
                ]
            },
            "executed_branches": [
                [
                    30,
                    31
                ],
                [
                    30,
                    32
                ],
                [
                    76,
                    -70
                ],
                [
                    76,
                    76
                ],
                [
                    99,
                    99
                ],
                [
                    99,
                    114
                ],
                [
                    114,
                    -92
                ],
                [
                    114,
                    114
                ]
            ],
            "missing_branches": [
                [
                    76,
                    84
                ],
                [
                    99,
                    108
                ],
                [
                    114,
                    123
                ],
                [
                    145,
                    148
                ],
                [
                    145,
                    150
                ],
                [
                    150,
                    -131
                ],
                [
                    150,
                    156
                ],
                [
                    181,
                    183
                ],
                [
                    181,
                    216
                ],
                [
                    189,
                    190
                ],
                [
                    189,
                    204
                ],
                [
                    216,
                    150
                ],
                [
                    216,
                    223
                ],
                [
                    233,
                    234
                ],
                [
                    233,
                    246
                ]
            ],
            "functions": {
                "load_litellm": {
                    "executed_lines": [],
                    "summary": {
                        "covered_lines": 0,
                        "num_statements": 1,
                        "percent_covered": 0.0,
                        "percent_covered_display": "0",
                        "missing_lines": 1,
                        "excluded_lines": 0,
                        "num_branches": 0,
                        "num_partial_branches": 0,
                        "covered_branches": 0,
                        "missing_branches": 0
                    },
                    "missing_lines": [
                        25
                    ],
                    "excluded_lines": [],
                    "contexts": {
                        "1": [
                            "",
                            "tests/test_main.py::test_run_with_missing_test|run"
                        ],
                        "3": [
                            "",
                            "tests/test_main.py::test_run_with_missing_test|run"
                        ],
                        "4": [
                            "",
                            "tests/test_main.py::test_run_with_missing_test|run"
                        ],
                        "5": [
                            "",
                            "tests/test_main.py::test_run_with_missing_test|run"
                        ],
                        "6": [
                            "",
                            "tests/test_main.py::test_run_with_missing_test|run"
                        ],
                        "8": [
                            "",
                            "tests/test_main.py::test_run_with_missing_test|run"
                        ],
                        "9": [
                            "",
                            "tests/test_main.py::test_run_with_missing_test|run"
                        ],
                        "10": [
                            "",
                            "tests/test_main.py::test_run_with_missing_test|run"
                        ],
                        "11": [
                            "",
                            "tests/test_main.py::test_run_with_missing_test|run"
                        ],
                        "12": [
                            "",
                            "tests/test_main.py::test_run_with_missing_test|run"
                        ],
                        "14": [
                            "",
                            "tests/test_main.py::test_run_with_missing_test|run"
                        ],
                        "17": [
                            "",
                            "tests/test_main.py::test_run_with_missing_test|run"
                        ],
                        "28": [
                            "",
                            "tests/test_main.py::test_run_with_missing_test|run"
                        ],
                        "35": [
                            "",
                            "tests/test_main.py::test_run_with_missing_test|run"
                        ],
                        "47": [
                            "",
                            "tests/test_main.py::test_run_with_missing_test|run"
                        ],
                        "70": [
                            "",
                            "tests/test_main.py::test_run_with_missing_test|run"
                        ],
                        "71": [
                            "",
                            "tests/test_main.py::test_run_with_missing_test|run"
                        ],
                        "72": [
                            "",
                            "tests/test_main.py::test_run_with_missing_test|run"
                        ],
                        "73": [
                            "",
                            "tests/test_main.py::test_run_with_missing_test|run"
                        ],
                        "74": [
                            "",
                            "tests/test_main.py::test_run_with_missing_test|run"
                        ],
                        "92": [
                            "",
                            "tests/test_main.py::test_run_with_missing_test|run"
                        ],
                        "93": [
                            "",
                            "tests/test_main.py::test_run_with_missing_test|run"
                        ],
                        "94": [
                            "",
                            "tests/test_main.py::test_run_with_missing_test|run"
                        ],
                        "95": [
                            "",
                            "tests/test_main.py::test_run_with_missing_test|run"
                        ],
                        "96": [
                            "",
                            "tests/test_main.py::test_run_with_missing_test|run"
                        ],
                        "97": [
                            "",
                            "tests/test_main.py::test_run_with_missing_test|run"
                        ],
                        "142": [
                            "",
                            "tests/test_main.py::test_run_with_missing_test|run"
                        ],
                        "131": [
                            "",
                            "tests/test_main.py::test_run_with_missing_test|run"
                        ],
                        "132": [
                            "",
                            "tests/test_main.py::test_run_with_missing_test|run"
                        ],
                        "133": [
                            "",
                            "tests/test_main.py::test_run_with_missing_test|run"
                        ],
                        "134": [
                            "",
                            "tests/test_main.py::test_run_with_missing_test|run"
                        ],
                        "135": [
                            "",
                            "tests/test_main.py::test_run_with_missing_test|run"
                        ],
                        "136": [
                            "",
                            "tests/test_main.py::test_run_with_missing_test|run"
                        ],
                        "137": [
                            "",
                            "tests/test_main.py::test_run_with_missing_test|run"
                        ],
                        "138": [
                            "",
                            "tests/test_main.py::test_run_with_missing_test|run"
                        ],
                        "139": [
                            "",
                            "tests/test_main.py::test_run_with_missing_test|run"
                        ],
                        "140": [
                            "",
                            "tests/test_main.py::test_run_with_missing_test|run"
                        ],
                        "141": [
                            "",
                            "tests/test_main.py::test_run_with_missing_test|run"
                        ],
                        "50": [
                            "tests/test_advise.py::test_check_internet_connection_success|run",
                            "tests/test_advise.py::test_check_internet_connection_failure|run",
                            "tests/test_advise.py::test_check_internet_connection_different_dns[dns_server0]|run",
                            "tests/test_advise.py::test_check_internet_connection_different_dns[dns_server3]|run",
                            "tests/test_advise.py::test_check_internet_connection_different_dns[dns_server2]|run",
                            "tests/test_advise.py::test_check_internet_connection_different_dns[dns_server1]|run",
                            "tests/test_advise.py::test_check_internet_connection_timeout|run"
                        ],
                        "57": [
                            "tests/test_advise.py::test_check_internet_connection_success|run",
                            "tests/test_advise.py::test_check_internet_connection_failure|run",
                            "tests/test_advise.py::test_check_internet_connection_different_dns[dns_server0]|run",
                            "tests/test_advise.py::test_check_internet_connection_different_dns[dns_server3]|run",
                            "tests/test_advise.py::test_check_internet_connection_different_dns[dns_server2]|run",
                            "tests/test_advise.py::test_check_internet_connection_different_dns[dns_server1]|run",
                            "tests/test_advise.py::test_check_internet_connection_timeout|run"
                        ],
                        "58": [
                            "tests/test_advise.py::test_check_internet_connection_success|run",
                            "tests/test_advise.py::test_check_internet_connection_failure|run",
                            "tests/test_advise.py::test_check_internet_connection_different_dns[dns_server0]|run",
                            "tests/test_advise.py::test_check_internet_connection_different_dns[dns_server3]|run",
                            "tests/test_advise.py::test_check_internet_connection_different_dns[dns_server2]|run",
                            "tests/test_advise.py::test_check_internet_connection_different_dns[dns_server1]|run",
                            "tests/test_advise.py::test_check_internet_connection_timeout|run"
                        ],
                        "60": [
                            "tests/test_advise.py::test_check_internet_connection_success|run",
                            "tests/test_advise.py::test_check_internet_connection_failure|run",
                            "tests/test_advise.py::test_check_internet_connection_different_dns[dns_server0]|run",
                            "tests/test_advise.py::test_check_internet_connection_different_dns[dns_server3]|run",
                            "tests/test_advise.py::test_check_internet_connection_different_dns[dns_server2]|run",
                            "tests/test_advise.py::test_check_internet_connection_different_dns[dns_server1]|run",
                            "tests/test_advise.py::test_check_internet_connection_timeout|run"
                        ],
                        "62": [
                            "tests/test_advise.py::test_check_internet_connection_success|run",
                            "tests/test_advise.py::test_check_internet_connection_different_dns[dns_server0]|run",
                            "tests/test_advise.py::test_check_internet_connection_different_dns[dns_server3]|run",
                            "tests/test_advise.py::test_check_internet_connection_different_dns[dns_server2]|run",
                            "tests/test_advise.py::test_check_internet_connection_different_dns[dns_server1]|run"
                        ],
                        "65": [
                            "tests/test_advise.py::test_check_internet_connection_failure|run",
                            "tests/test_advise.py::test_check_internet_connection_timeout|run"
                        ],
                        "67": [
                            "tests/test_advise.py::test_check_internet_connection_failure|run",
                            "tests/test_advise.py::test_check_internet_connection_timeout|run"
                        ],
                        "30": [
                            "tests/test_advise.py::test_validate_url|run"
                        ],
                        "31": [
                            "tests/test_advise.py::test_validate_url|run"
                        ],
                        "32": [
                            "tests/test_advise.py::test_validate_url|run"
                        ],
                        "100": [
                            "tests/test_main.py::test_run_with_missing_test|run"
                        ],
                        "77": [
                            "tests/test_main.py::test_run_with_missing_test|run"
                        ],
                        "79": [
                            "tests/test_main.py::test_run_with_missing_test|run"
                        ],
                        "80": [
                            "tests/test_main.py::test_run_with_missing_test|run"
                        ],
                        "102": [
                            "tests/test_main.py::test_run_with_missing_test|run"
                        ],
                        "103": [
                            "tests/test_main.py::test_run_with_missing_test|run"
                        ],
                        "115": [
                            "tests/test_main.py::test_run_with_missing_test|run"
                        ],
                        "117": [
                            "tests/test_main.py::test_run_with_missing_test|run"
                        ],
                        "118": [
                            "tests/test_main.py::test_run_with_missing_test|run"
                        ]
                    },
                    "executed_branches": [],
                    "missing_branches": []
                },
                "validate_url": {
                    "executed_lines": [
                        30,
                        31,
                        32
                    ],
                    "summary": {
                        "covered_lines": 3,
                        "num_statements": 3,
                        "percent_covered": 100.0,
                        "percent_covered_display": "100",
                        "missing_lines": 0,
                        "excluded_lines": 0,
                        "num_branches": 2,
                        "num_partial_branches": 0,
                        "covered_branches": 2,
                        "missing_branches": 0
                    },
                    "missing_lines": [],
                    "excluded_lines": [],
                    "contexts": {
                        "1": [
                            "",
                            "tests/test_main.py::test_run_with_missing_test|run"
                        ],
                        "3": [
                            "",
                            "tests/test_main.py::test_run_with_missing_test|run"
                        ],
                        "4": [
                            "",
                            "tests/test_main.py::test_run_with_missing_test|run"
                        ],
                        "5": [
                            "",
                            "tests/test_main.py::test_run_with_missing_test|run"
                        ],
                        "6": [
                            "",
                            "tests/test_main.py::test_run_with_missing_test|run"
                        ],
                        "8": [
                            "",
                            "tests/test_main.py::test_run_with_missing_test|run"
                        ],
                        "9": [
                            "",
                            "tests/test_main.py::test_run_with_missing_test|run"
                        ],
                        "10": [
                            "",
                            "tests/test_main.py::test_run_with_missing_test|run"
                        ],
                        "11": [
                            "",
                            "tests/test_main.py::test_run_with_missing_test|run"
                        ],
                        "12": [
                            "",
                            "tests/test_main.py::test_run_with_missing_test|run"
                        ],
                        "14": [
                            "",
                            "tests/test_main.py::test_run_with_missing_test|run"
                        ],
                        "17": [
                            "",
                            "tests/test_main.py::test_run_with_missing_test|run"
                        ],
                        "28": [
                            "",
                            "tests/test_main.py::test_run_with_missing_test|run"
                        ],
                        "35": [
                            "",
                            "tests/test_main.py::test_run_with_missing_test|run"
                        ],
                        "47": [
                            "",
                            "tests/test_main.py::test_run_with_missing_test|run"
                        ],
                        "70": [
                            "",
                            "tests/test_main.py::test_run_with_missing_test|run"
                        ],
                        "71": [
                            "",
                            "tests/test_main.py::test_run_with_missing_test|run"
                        ],
                        "72": [
                            "",
                            "tests/test_main.py::test_run_with_missing_test|run"
                        ],
                        "73": [
                            "",
                            "tests/test_main.py::test_run_with_missing_test|run"
                        ],
                        "74": [
                            "",
                            "tests/test_main.py::test_run_with_missing_test|run"
                        ],
                        "92": [
                            "",
                            "tests/test_main.py::test_run_with_missing_test|run"
                        ],
                        "93": [
                            "",
                            "tests/test_main.py::test_run_with_missing_test|run"
                        ],
                        "94": [
                            "",
                            "tests/test_main.py::test_run_with_missing_test|run"
                        ],
                        "95": [
                            "",
                            "tests/test_main.py::test_run_with_missing_test|run"
                        ],
                        "96": [
                            "",
                            "tests/test_main.py::test_run_with_missing_test|run"
                        ],
                        "97": [
                            "",
                            "tests/test_main.py::test_run_with_missing_test|run"
                        ],
                        "142": [
                            "",
                            "tests/test_main.py::test_run_with_missing_test|run"
                        ],
                        "131": [
                            "",
                            "tests/test_main.py::test_run_with_missing_test|run"
                        ],
                        "132": [
                            "",
                            "tests/test_main.py::test_run_with_missing_test|run"
                        ],
                        "133": [
                            "",
                            "tests/test_main.py::test_run_with_missing_test|run"
                        ],
                        "134": [
                            "",
                            "tests/test_main.py::test_run_with_missing_test|run"
                        ],
                        "135": [
                            "",
                            "tests/test_main.py::test_run_with_missing_test|run"
                        ],
                        "136": [
                            "",
                            "tests/test_main.py::test_run_with_missing_test|run"
                        ],
                        "137": [
                            "",
                            "tests/test_main.py::test_run_with_missing_test|run"
                        ],
                        "138": [
                            "",
                            "tests/test_main.py::test_run_with_missing_test|run"
                        ],
                        "139": [
                            "",
                            "tests/test_main.py::test_run_with_missing_test|run"
                        ],
                        "140": [
                            "",
                            "tests/test_main.py::test_run_with_missing_test|run"
                        ],
                        "141": [
                            "",
                            "tests/test_main.py::test_run_with_missing_test|run"
                        ],
                        "50": [
                            "tests/test_advise.py::test_check_internet_connection_success|run",
                            "tests/test_advise.py::test_check_internet_connection_failure|run",
                            "tests/test_advise.py::test_check_internet_connection_different_dns[dns_server0]|run",
                            "tests/test_advise.py::test_check_internet_connection_different_dns[dns_server3]|run",
                            "tests/test_advise.py::test_check_internet_connection_different_dns[dns_server2]|run",
                            "tests/test_advise.py::test_check_internet_connection_different_dns[dns_server1]|run",
                            "tests/test_advise.py::test_check_internet_connection_timeout|run"
                        ],
                        "57": [
                            "tests/test_advise.py::test_check_internet_connection_success|run",
                            "tests/test_advise.py::test_check_internet_connection_failure|run",
                            "tests/test_advise.py::test_check_internet_connection_different_dns[dns_server0]|run",
                            "tests/test_advise.py::test_check_internet_connection_different_dns[dns_server3]|run",
                            "tests/test_advise.py::test_check_internet_connection_different_dns[dns_server2]|run",
                            "tests/test_advise.py::test_check_internet_connection_different_dns[dns_server1]|run",
                            "tests/test_advise.py::test_check_internet_connection_timeout|run"
                        ],
                        "58": [
                            "tests/test_advise.py::test_check_internet_connection_success|run",
                            "tests/test_advise.py::test_check_internet_connection_failure|run",
                            "tests/test_advise.py::test_check_internet_connection_different_dns[dns_server0]|run",
                            "tests/test_advise.py::test_check_internet_connection_different_dns[dns_server3]|run",
                            "tests/test_advise.py::test_check_internet_connection_different_dns[dns_server2]|run",
                            "tests/test_advise.py::test_check_internet_connection_different_dns[dns_server1]|run",
                            "tests/test_advise.py::test_check_internet_connection_timeout|run"
                        ],
                        "60": [
                            "tests/test_advise.py::test_check_internet_connection_success|run",
                            "tests/test_advise.py::test_check_internet_connection_failure|run",
                            "tests/test_advise.py::test_check_internet_connection_different_dns[dns_server0]|run",
                            "tests/test_advise.py::test_check_internet_connection_different_dns[dns_server3]|run",
                            "tests/test_advise.py::test_check_internet_connection_different_dns[dns_server2]|run",
                            "tests/test_advise.py::test_check_internet_connection_different_dns[dns_server1]|run",
                            "tests/test_advise.py::test_check_internet_connection_timeout|run"
                        ],
                        "62": [
                            "tests/test_advise.py::test_check_internet_connection_success|run",
                            "tests/test_advise.py::test_check_internet_connection_different_dns[dns_server0]|run",
                            "tests/test_advise.py::test_check_internet_connection_different_dns[dns_server3]|run",
                            "tests/test_advise.py::test_check_internet_connection_different_dns[dns_server2]|run",
                            "tests/test_advise.py::test_check_internet_connection_different_dns[dns_server1]|run"
                        ],
                        "65": [
                            "tests/test_advise.py::test_check_internet_connection_failure|run",
                            "tests/test_advise.py::test_check_internet_connection_timeout|run"
                        ],
                        "67": [
                            "tests/test_advise.py::test_check_internet_connection_failure|run",
                            "tests/test_advise.py::test_check_internet_connection_timeout|run"
                        ],
                        "30": [
                            "tests/test_advise.py::test_validate_url|run"
                        ],
                        "31": [
                            "tests/test_advise.py::test_validate_url|run"
                        ],
                        "32": [
                            "tests/test_advise.py::test_validate_url|run"
                        ],
                        "100": [
                            "tests/test_main.py::test_run_with_missing_test|run"
                        ],
                        "77": [
                            "tests/test_main.py::test_run_with_missing_test|run"
                        ],
                        "79": [
                            "tests/test_main.py::test_run_with_missing_test|run"
                        ],
                        "80": [
                            "tests/test_main.py::test_run_with_missing_test|run"
                        ],
                        "102": [
                            "tests/test_main.py::test_run_with_missing_test|run"
                        ],
                        "103": [
                            "tests/test_main.py::test_run_with_missing_test|run"
                        ],
                        "115": [
                            "tests/test_main.py::test_run_with_missing_test|run"
                        ],
                        "117": [
                            "tests/test_main.py::test_run_with_missing_test|run"
                        ],
                        "118": [
                            "tests/test_main.py::test_run_with_missing_test|run"
                        ]
                    },
                    "executed_branches": [
                        [
                            30,
                            31
                        ],
                        [
                            30,
                            32
                        ]
                    ],
                    "missing_branches": []
                },
                "handle_connection_error": {
                    "executed_lines": [],
                    "summary": {
                        "covered_lines": 0,
                        "num_statements": 2,
                        "percent_covered": 0.0,
                        "percent_covered_display": "0",
                        "missing_lines": 2,
                        "excluded_lines": 0,
                        "num_branches": 0,
                        "num_partial_branches": 0,
                        "covered_branches": 0,
                        "missing_branches": 0
                    },
                    "missing_lines": [
                        38,
                        42
                    ],
                    "excluded_lines": [],
                    "contexts": {
                        "1": [
                            "",
                            "tests/test_main.py::test_run_with_missing_test|run"
                        ],
                        "3": [
                            "",
                            "tests/test_main.py::test_run_with_missing_test|run"
                        ],
                        "4": [
                            "",
                            "tests/test_main.py::test_run_with_missing_test|run"
                        ],
                        "5": [
                            "",
                            "tests/test_main.py::test_run_with_missing_test|run"
                        ],
                        "6": [
                            "",
                            "tests/test_main.py::test_run_with_missing_test|run"
                        ],
                        "8": [
                            "",
                            "tests/test_main.py::test_run_with_missing_test|run"
                        ],
                        "9": [
                            "",
                            "tests/test_main.py::test_run_with_missing_test|run"
                        ],
                        "10": [
                            "",
                            "tests/test_main.py::test_run_with_missing_test|run"
                        ],
                        "11": [
                            "",
                            "tests/test_main.py::test_run_with_missing_test|run"
                        ],
                        "12": [
                            "",
                            "tests/test_main.py::test_run_with_missing_test|run"
                        ],
                        "14": [
                            "",
                            "tests/test_main.py::test_run_with_missing_test|run"
                        ],
                        "17": [
                            "",
                            "tests/test_main.py::test_run_with_missing_test|run"
                        ],
                        "28": [
                            "",
                            "tests/test_main.py::test_run_with_missing_test|run"
                        ],
                        "35": [
                            "",
                            "tests/test_main.py::test_run_with_missing_test|run"
                        ],
                        "47": [
                            "",
                            "tests/test_main.py::test_run_with_missing_test|run"
                        ],
                        "70": [
                            "",
                            "tests/test_main.py::test_run_with_missing_test|run"
                        ],
                        "71": [
                            "",
                            "tests/test_main.py::test_run_with_missing_test|run"
                        ],
                        "72": [
                            "",
                            "tests/test_main.py::test_run_with_missing_test|run"
                        ],
                        "73": [
                            "",
                            "tests/test_main.py::test_run_with_missing_test|run"
                        ],
                        "74": [
                            "",
                            "tests/test_main.py::test_run_with_missing_test|run"
                        ],
                        "92": [
                            "",
                            "tests/test_main.py::test_run_with_missing_test|run"
                        ],
                        "93": [
                            "",
                            "tests/test_main.py::test_run_with_missing_test|run"
                        ],
                        "94": [
                            "",
                            "tests/test_main.py::test_run_with_missing_test|run"
                        ],
                        "95": [
                            "",
                            "tests/test_main.py::test_run_with_missing_test|run"
                        ],
                        "96": [
                            "",
                            "tests/test_main.py::test_run_with_missing_test|run"
                        ],
                        "97": [
                            "",
                            "tests/test_main.py::test_run_with_missing_test|run"
                        ],
                        "142": [
                            "",
                            "tests/test_main.py::test_run_with_missing_test|run"
                        ],
                        "131": [
                            "",
                            "tests/test_main.py::test_run_with_missing_test|run"
                        ],
                        "132": [
                            "",
                            "tests/test_main.py::test_run_with_missing_test|run"
                        ],
                        "133": [
                            "",
                            "tests/test_main.py::test_run_with_missing_test|run"
                        ],
                        "134": [
                            "",
                            "tests/test_main.py::test_run_with_missing_test|run"
                        ],
                        "135": [
                            "",
                            "tests/test_main.py::test_run_with_missing_test|run"
                        ],
                        "136": [
                            "",
                            "tests/test_main.py::test_run_with_missing_test|run"
                        ],
                        "137": [
                            "",
                            "tests/test_main.py::test_run_with_missing_test|run"
                        ],
                        "138": [
                            "",
                            "tests/test_main.py::test_run_with_missing_test|run"
                        ],
                        "139": [
                            "",
                            "tests/test_main.py::test_run_with_missing_test|run"
                        ],
                        "140": [
                            "",
                            "tests/test_main.py::test_run_with_missing_test|run"
                        ],
                        "141": [
                            "",
                            "tests/test_main.py::test_run_with_missing_test|run"
                        ],
                        "50": [
                            "tests/test_advise.py::test_check_internet_connection_success|run",
                            "tests/test_advise.py::test_check_internet_connection_failure|run",
                            "tests/test_advise.py::test_check_internet_connection_different_dns[dns_server0]|run",
                            "tests/test_advise.py::test_check_internet_connection_different_dns[dns_server3]|run",
                            "tests/test_advise.py::test_check_internet_connection_different_dns[dns_server2]|run",
                            "tests/test_advise.py::test_check_internet_connection_different_dns[dns_server1]|run",
                            "tests/test_advise.py::test_check_internet_connection_timeout|run"
                        ],
                        "57": [
                            "tests/test_advise.py::test_check_internet_connection_success|run",
                            "tests/test_advise.py::test_check_internet_connection_failure|run",
                            "tests/test_advise.py::test_check_internet_connection_different_dns[dns_server0]|run",
                            "tests/test_advise.py::test_check_internet_connection_different_dns[dns_server3]|run",
                            "tests/test_advise.py::test_check_internet_connection_different_dns[dns_server2]|run",
                            "tests/test_advise.py::test_check_internet_connection_different_dns[dns_server1]|run",
                            "tests/test_advise.py::test_check_internet_connection_timeout|run"
                        ],
                        "58": [
                            "tests/test_advise.py::test_check_internet_connection_success|run",
                            "tests/test_advise.py::test_check_internet_connection_failure|run",
                            "tests/test_advise.py::test_check_internet_connection_different_dns[dns_server0]|run",
                            "tests/test_advise.py::test_check_internet_connection_different_dns[dns_server3]|run",
                            "tests/test_advise.py::test_check_internet_connection_different_dns[dns_server2]|run",
                            "tests/test_advise.py::test_check_internet_connection_different_dns[dns_server1]|run",
                            "tests/test_advise.py::test_check_internet_connection_timeout|run"
                        ],
                        "60": [
                            "tests/test_advise.py::test_check_internet_connection_success|run",
                            "tests/test_advise.py::test_check_internet_connection_failure|run",
                            "tests/test_advise.py::test_check_internet_connection_different_dns[dns_server0]|run",
                            "tests/test_advise.py::test_check_internet_connection_different_dns[dns_server3]|run",
                            "tests/test_advise.py::test_check_internet_connection_different_dns[dns_server2]|run",
                            "tests/test_advise.py::test_check_internet_connection_different_dns[dns_server1]|run",
                            "tests/test_advise.py::test_check_internet_connection_timeout|run"
                        ],
                        "62": [
                            "tests/test_advise.py::test_check_internet_connection_success|run",
                            "tests/test_advise.py::test_check_internet_connection_different_dns[dns_server0]|run",
                            "tests/test_advise.py::test_check_internet_connection_different_dns[dns_server3]|run",
                            "tests/test_advise.py::test_check_internet_connection_different_dns[dns_server2]|run",
                            "tests/test_advise.py::test_check_internet_connection_different_dns[dns_server1]|run"
                        ],
                        "65": [
                            "tests/test_advise.py::test_check_internet_connection_failure|run",
                            "tests/test_advise.py::test_check_internet_connection_timeout|run"
                        ],
                        "67": [
                            "tests/test_advise.py::test_check_internet_connection_failure|run",
                            "tests/test_advise.py::test_check_internet_connection_timeout|run"
                        ],
                        "30": [
                            "tests/test_advise.py::test_validate_url|run"
                        ],
                        "31": [
                            "tests/test_advise.py::test_validate_url|run"
                        ],
                        "32": [
                            "tests/test_advise.py::test_validate_url|run"
                        ],
                        "100": [
                            "tests/test_main.py::test_run_with_missing_test|run"
                        ],
                        "77": [
                            "tests/test_main.py::test_run_with_missing_test|run"
                        ],
                        "79": [
                            "tests/test_main.py::test_run_with_missing_test|run"
                        ],
                        "80": [
                            "tests/test_main.py::test_run_with_missing_test|run"
                        ],
                        "102": [
                            "tests/test_main.py::test_run_with_missing_test|run"
                        ],
                        "103": [
                            "tests/test_main.py::test_run_with_missing_test|run"
                        ],
                        "115": [
                            "tests/test_main.py::test_run_with_missing_test|run"
                        ],
                        "117": [
                            "tests/test_main.py::test_run_with_missing_test|run"
                        ],
                        "118": [
                            "tests/test_main.py::test_run_with_missing_test|run"
                        ]
                    },
                    "executed_branches": [],
                    "missing_branches": []
                },
                "check_internet_connection": {
                    "executed_lines": [
                        50,
                        57,
                        58,
                        60,
                        62,
                        65,
                        67
                    ],
                    "summary": {
                        "covered_lines": 7,
                        "num_statements": 7,
                        "percent_covered": 100.0,
                        "percent_covered_display": "100",
                        "missing_lines": 0,
                        "excluded_lines": 0,
                        "num_branches": 0,
                        "num_partial_branches": 0,
                        "covered_branches": 0,
                        "missing_branches": 0
                    },
                    "missing_lines": [],
                    "excluded_lines": [],
                    "contexts": {
                        "1": [
                            "",
                            "tests/test_main.py::test_run_with_missing_test|run"
                        ],
                        "3": [
                            "",
                            "tests/test_main.py::test_run_with_missing_test|run"
                        ],
                        "4": [
                            "",
                            "tests/test_main.py::test_run_with_missing_test|run"
                        ],
                        "5": [
                            "",
                            "tests/test_main.py::test_run_with_missing_test|run"
                        ],
                        "6": [
                            "",
                            "tests/test_main.py::test_run_with_missing_test|run"
                        ],
                        "8": [
                            "",
                            "tests/test_main.py::test_run_with_missing_test|run"
                        ],
                        "9": [
                            "",
                            "tests/test_main.py::test_run_with_missing_test|run"
                        ],
                        "10": [
                            "",
                            "tests/test_main.py::test_run_with_missing_test|run"
                        ],
                        "11": [
                            "",
                            "tests/test_main.py::test_run_with_missing_test|run"
                        ],
                        "12": [
                            "",
                            "tests/test_main.py::test_run_with_missing_test|run"
                        ],
                        "14": [
                            "",
                            "tests/test_main.py::test_run_with_missing_test|run"
                        ],
                        "17": [
                            "",
                            "tests/test_main.py::test_run_with_missing_test|run"
                        ],
                        "28": [
                            "",
                            "tests/test_main.py::test_run_with_missing_test|run"
                        ],
                        "35": [
                            "",
                            "tests/test_main.py::test_run_with_missing_test|run"
                        ],
                        "47": [
                            "",
                            "tests/test_main.py::test_run_with_missing_test|run"
                        ],
                        "70": [
                            "",
                            "tests/test_main.py::test_run_with_missing_test|run"
                        ],
                        "71": [
                            "",
                            "tests/test_main.py::test_run_with_missing_test|run"
                        ],
                        "72": [
                            "",
                            "tests/test_main.py::test_run_with_missing_test|run"
                        ],
                        "73": [
                            "",
                            "tests/test_main.py::test_run_with_missing_test|run"
                        ],
                        "74": [
                            "",
                            "tests/test_main.py::test_run_with_missing_test|run"
                        ],
                        "92": [
                            "",
                            "tests/test_main.py::test_run_with_missing_test|run"
                        ],
                        "93": [
                            "",
                            "tests/test_main.py::test_run_with_missing_test|run"
                        ],
                        "94": [
                            "",
                            "tests/test_main.py::test_run_with_missing_test|run"
                        ],
                        "95": [
                            "",
                            "tests/test_main.py::test_run_with_missing_test|run"
                        ],
                        "96": [
                            "",
                            "tests/test_main.py::test_run_with_missing_test|run"
                        ],
                        "97": [
                            "",
                            "tests/test_main.py::test_run_with_missing_test|run"
                        ],
                        "142": [
                            "",
                            "tests/test_main.py::test_run_with_missing_test|run"
                        ],
                        "131": [
                            "",
                            "tests/test_main.py::test_run_with_missing_test|run"
                        ],
                        "132": [
                            "",
                            "tests/test_main.py::test_run_with_missing_test|run"
                        ],
                        "133": [
                            "",
                            "tests/test_main.py::test_run_with_missing_test|run"
                        ],
                        "134": [
                            "",
                            "tests/test_main.py::test_run_with_missing_test|run"
                        ],
                        "135": [
                            "",
                            "tests/test_main.py::test_run_with_missing_test|run"
                        ],
                        "136": [
                            "",
                            "tests/test_main.py::test_run_with_missing_test|run"
                        ],
                        "137": [
                            "",
                            "tests/test_main.py::test_run_with_missing_test|run"
                        ],
                        "138": [
                            "",
                            "tests/test_main.py::test_run_with_missing_test|run"
                        ],
                        "139": [
                            "",
                            "tests/test_main.py::test_run_with_missing_test|run"
                        ],
                        "140": [
                            "",
                            "tests/test_main.py::test_run_with_missing_test|run"
                        ],
                        "141": [
                            "",
                            "tests/test_main.py::test_run_with_missing_test|run"
                        ],
                        "50": [
                            "tests/test_advise.py::test_check_internet_connection_success|run",
                            "tests/test_advise.py::test_check_internet_connection_failure|run",
                            "tests/test_advise.py::test_check_internet_connection_different_dns[dns_server0]|run",
                            "tests/test_advise.py::test_check_internet_connection_different_dns[dns_server3]|run",
                            "tests/test_advise.py::test_check_internet_connection_different_dns[dns_server2]|run",
                            "tests/test_advise.py::test_check_internet_connection_different_dns[dns_server1]|run",
                            "tests/test_advise.py::test_check_internet_connection_timeout|run"
                        ],
                        "57": [
                            "tests/test_advise.py::test_check_internet_connection_success|run",
                            "tests/test_advise.py::test_check_internet_connection_failure|run",
                            "tests/test_advise.py::test_check_internet_connection_different_dns[dns_server0]|run",
                            "tests/test_advise.py::test_check_internet_connection_different_dns[dns_server3]|run",
                            "tests/test_advise.py::test_check_internet_connection_different_dns[dns_server2]|run",
                            "tests/test_advise.py::test_check_internet_connection_different_dns[dns_server1]|run",
                            "tests/test_advise.py::test_check_internet_connection_timeout|run"
                        ],
                        "58": [
                            "tests/test_advise.py::test_check_internet_connection_success|run",
                            "tests/test_advise.py::test_check_internet_connection_failure|run",
                            "tests/test_advise.py::test_check_internet_connection_different_dns[dns_server0]|run",
                            "tests/test_advise.py::test_check_internet_connection_different_dns[dns_server3]|run",
                            "tests/test_advise.py::test_check_internet_connection_different_dns[dns_server2]|run",
                            "tests/test_advise.py::test_check_internet_connection_different_dns[dns_server1]|run",
                            "tests/test_advise.py::test_check_internet_connection_timeout|run"
                        ],
                        "60": [
                            "tests/test_advise.py::test_check_internet_connection_success|run",
                            "tests/test_advise.py::test_check_internet_connection_failure|run",
                            "tests/test_advise.py::test_check_internet_connection_different_dns[dns_server0]|run",
                            "tests/test_advise.py::test_check_internet_connection_different_dns[dns_server3]|run",
                            "tests/test_advise.py::test_check_internet_connection_different_dns[dns_server2]|run",
                            "tests/test_advise.py::test_check_internet_connection_different_dns[dns_server1]|run",
                            "tests/test_advise.py::test_check_internet_connection_timeout|run"
                        ],
                        "62": [
                            "tests/test_advise.py::test_check_internet_connection_success|run",
                            "tests/test_advise.py::test_check_internet_connection_different_dns[dns_server0]|run",
                            "tests/test_advise.py::test_check_internet_connection_different_dns[dns_server3]|run",
                            "tests/test_advise.py::test_check_internet_connection_different_dns[dns_server2]|run",
                            "tests/test_advise.py::test_check_internet_connection_different_dns[dns_server1]|run"
                        ],
                        "65": [
                            "tests/test_advise.py::test_check_internet_connection_failure|run",
                            "tests/test_advise.py::test_check_internet_connection_timeout|run"
                        ],
                        "67": [
                            "tests/test_advise.py::test_check_internet_connection_failure|run",
                            "tests/test_advise.py::test_check_internet_connection_timeout|run"
                        ],
                        "30": [
                            "tests/test_advise.py::test_validate_url|run"
                        ],
                        "31": [
                            "tests/test_advise.py::test_validate_url|run"
                        ],
                        "32": [
                            "tests/test_advise.py::test_validate_url|run"
                        ],
                        "100": [
                            "tests/test_main.py::test_run_with_missing_test|run"
                        ],
                        "77": [
                            "tests/test_main.py::test_run_with_missing_test|run"
                        ],
                        "79": [
                            "tests/test_main.py::test_run_with_missing_test|run"
                        ],
                        "80": [
                            "tests/test_main.py::test_run_with_missing_test|run"
                        ],
                        "102": [
                            "tests/test_main.py::test_run_with_missing_test|run"
                        ],
                        "103": [
                            "tests/test_main.py::test_run_with_missing_test|run"
                        ],
                        "115": [
                            "tests/test_main.py::test_run_with_missing_test|run"
                        ],
                        "117": [
                            "tests/test_main.py::test_run_with_missing_test|run"
                        ],
                        "118": [
                            "tests/test_main.py::test_run_with_missing_test|run"
                        ]
                    },
                    "executed_branches": [],
                    "missing_branches": []
                },
                "check_advice_model": {
                    "executed_lines": [
                        76
                    ],
                    "summary": {
                        "covered_lines": 1,
                        "num_statements": 5,
                        "percent_covered": 28.571428571428573,
                        "percent_covered_display": "29",
                        "missing_lines": 4,
                        "excluded_lines": 0,
                        "num_branches": 2,
                        "num_partial_branches": 1,
                        "covered_branches": 1,
                        "missing_branches": 1
                    },
                    "missing_lines": [
                        84,
                        85,
                        86,
                        89
                    ],
                    "excluded_lines": [],
                    "contexts": {
                        "1": [
                            "",
                            "tests/test_main.py::test_run_with_missing_test|run"
                        ],
                        "3": [
                            "",
                            "tests/test_main.py::test_run_with_missing_test|run"
                        ],
                        "4": [
                            "",
                            "tests/test_main.py::test_run_with_missing_test|run"
                        ],
                        "5": [
                            "",
                            "tests/test_main.py::test_run_with_missing_test|run"
                        ],
                        "6": [
                            "",
                            "tests/test_main.py::test_run_with_missing_test|run"
                        ],
                        "8": [
                            "",
                            "tests/test_main.py::test_run_with_missing_test|run"
                        ],
                        "9": [
                            "",
                            "tests/test_main.py::test_run_with_missing_test|run"
                        ],
                        "10": [
                            "",
                            "tests/test_main.py::test_run_with_missing_test|run"
                        ],
                        "11": [
                            "",
                            "tests/test_main.py::test_run_with_missing_test|run"
                        ],
                        "12": [
                            "",
                            "tests/test_main.py::test_run_with_missing_test|run"
                        ],
                        "14": [
                            "",
                            "tests/test_main.py::test_run_with_missing_test|run"
                        ],
                        "17": [
                            "",
                            "tests/test_main.py::test_run_with_missing_test|run"
                        ],
                        "28": [
                            "",
                            "tests/test_main.py::test_run_with_missing_test|run"
                        ],
                        "35": [
                            "",
                            "tests/test_main.py::test_run_with_missing_test|run"
                        ],
                        "47": [
                            "",
                            "tests/test_main.py::test_run_with_missing_test|run"
                        ],
                        "70": [
                            "",
                            "tests/test_main.py::test_run_with_missing_test|run"
                        ],
                        "71": [
                            "",
                            "tests/test_main.py::test_run_with_missing_test|run"
                        ],
                        "72": [
                            "",
                            "tests/test_main.py::test_run_with_missing_test|run"
                        ],
                        "73": [
                            "",
                            "tests/test_main.py::test_run_with_missing_test|run"
                        ],
                        "74": [
                            "",
                            "tests/test_main.py::test_run_with_missing_test|run"
                        ],
                        "92": [
                            "",
                            "tests/test_main.py::test_run_with_missing_test|run"
                        ],
                        "93": [
                            "",
                            "tests/test_main.py::test_run_with_missing_test|run"
                        ],
                        "94": [
                            "",
                            "tests/test_main.py::test_run_with_missing_test|run"
                        ],
                        "95": [
                            "",
                            "tests/test_main.py::test_run_with_missing_test|run"
                        ],
                        "96": [
                            "",
                            "tests/test_main.py::test_run_with_missing_test|run"
                        ],
                        "97": [
                            "",
                            "tests/test_main.py::test_run_with_missing_test|run"
                        ],
                        "142": [
                            "",
                            "tests/test_main.py::test_run_with_missing_test|run"
                        ],
                        "131": [
                            "",
                            "tests/test_main.py::test_run_with_missing_test|run"
                        ],
                        "132": [
                            "",
                            "tests/test_main.py::test_run_with_missing_test|run"
                        ],
                        "133": [
                            "",
                            "tests/test_main.py::test_run_with_missing_test|run"
                        ],
                        "134": [
                            "",
                            "tests/test_main.py::test_run_with_missing_test|run"
                        ],
                        "135": [
                            "",
                            "tests/test_main.py::test_run_with_missing_test|run"
                        ],
                        "136": [
                            "",
                            "tests/test_main.py::test_run_with_missing_test|run"
                        ],
                        "137": [
                            "",
                            "tests/test_main.py::test_run_with_missing_test|run"
                        ],
                        "138": [
                            "",
                            "tests/test_main.py::test_run_with_missing_test|run"
                        ],
                        "139": [
                            "",
                            "tests/test_main.py::test_run_with_missing_test|run"
                        ],
                        "140": [
                            "",
                            "tests/test_main.py::test_run_with_missing_test|run"
                        ],
                        "141": [
                            "",
                            "tests/test_main.py::test_run_with_missing_test|run"
                        ],
                        "50": [
                            "tests/test_advise.py::test_check_internet_connection_success|run",
                            "tests/test_advise.py::test_check_internet_connection_failure|run",
                            "tests/test_advise.py::test_check_internet_connection_different_dns[dns_server0]|run",
                            "tests/test_advise.py::test_check_internet_connection_different_dns[dns_server3]|run",
                            "tests/test_advise.py::test_check_internet_connection_different_dns[dns_server2]|run",
                            "tests/test_advise.py::test_check_internet_connection_different_dns[dns_server1]|run",
                            "tests/test_advise.py::test_check_internet_connection_timeout|run"
                        ],
                        "57": [
                            "tests/test_advise.py::test_check_internet_connection_success|run",
[...]
                        "13": [
                            "tests/test_util.py::test_determine_execexam_return_code_no_tests_collected|run",
                            "tests/test_util.py::test_determine_execexam_return_code_interrupted|run",
                            "tests/test_util.py::test_determine_execexam_return_code_usage_error|run",
                            "tests/test_util.py::test_determine_execexam_return_code_other|run",
                            "tests/test_util.py::test_determine_execexam_return_code_internal_error|run",
                            "tests/test_main.py::test_run_with_missing_test|run"
                        ],
                        "15": [
                            "tests/test_util.py::test_determine_execexam_return_code_no_tests_collected|run",
                            "tests/test_util.py::test_determine_execexam_return_code_usage_error|run",
                            "tests/test_util.py::test_determine_execexam_return_code_other|run",
                            "tests/test_util.py::test_determine_execexam_return_code_internal_error|run",
                            "tests/test_main.py::test_run_with_missing_test|run"
                        ],
                        "17": [
                            "tests/test_util.py::test_determine_execexam_return_code_usage_error|run",
                            "tests/test_util.py::test_determine_execexam_return_code_other|run",
                            "tests/test_util.py::test_determine_execexam_return_code_no_tests_collected|run",
                            "tests/test_main.py::test_run_with_missing_test|run"
                        ],
                        "18": [
                            "tests/test_util.py::test_determine_execexam_return_code_usage_error|run",
                            "tests/test_main.py::test_run_with_missing_test|run"
                        ],
                        "21": [
                            "tests/test_util.py::test_determine_execexam_return_code_tests_failed|run",
                            "tests/test_util.py::test_determine_execexam_return_code_no_tests_collected|run",
                            "tests/test_util.py::test_determine_execexam_return_code_interrupted|run",
                            "tests/test_util.py::test_determine_execexam_return_code_usage_error|run",
                            "tests/test_util.py::test_determine_execexam_return_code_other|run",
                            "tests/test_util.py::test_determine_execexam_return_code_internal_error|run",
                            "tests/test_main.py::test_run_with_missing_test|run"
                        ],
                        "12": [
                            "tests/test_util.py::test_determine_execexam_return_code_tests_failed|run"
                        ],
                        "19": [
                            "tests/test_util.py::test_determine_execexam_return_code_other|run",
                            "tests/test_util.py::test_determine_execexam_return_code_no_tests_collected|run"
                        ],
                        "20": [
                            "tests/test_util.py::test_determine_execexam_return_code_no_tests_collected|run"
                        ],
                        "16": [
                            "tests/test_util.py::test_determine_execexam_return_code_internal_error|run"
                        ],
                        "14": [
                            "tests/test_util.py::test_determine_execexam_return_code_interrupted|run"
                        ]
                    },
                    "executed_branches": [
                        [
                            11,
                            12
                        ],
                        [
                            11,
                            13
                        ],
                        [
                            13,
                            14
                        ],
                        [
                            13,
                            15
                        ],
                        [
                            15,
                            16
                        ],
                        [
                            15,
                            17
                        ],
                        [
                            17,
                            18
                        ],
                        [
                            17,
                            19
                        ],
                        [
                            19,
                            20
                        ],
                        [
                            19,
                            21
                        ]
                    ],
                    "missing_branches": []
                },
                "": {
                    "executed_lines": [
                        1,
                        3,
                        6
                    ],
                    "summary": {
                        "covered_lines": 2,
                        "num_statements": 2,
                        "percent_covered": 100.0,
                        "percent_covered_display": "100",
                        "missing_lines": 0,
                        "excluded_lines": 0,
                        "num_branches": 0,
                        "num_partial_branches": 0,
                        "covered_branches": 0,
                        "missing_branches": 0
                    },
                    "missing_lines": [],
                    "excluded_lines": [],
                    "contexts": {
                        "1": [
                            "",
                            "tests/test_main.py::test_run_with_missing_test|run"
                        ],
                        "3": [
                            "",
                            "tests/test_main.py::test_run_with_missing_test|run"
                        ],
                        "6": [
                            "",
                            "tests/test_main.py::test_run_with_missing_test|run"
                        ],
                        "8": [
                            "tests/test_util.py::test_determine_execexam_return_code_tests_failed|run",
                            "tests/test_util.py::test_determine_execexam_return_code_no_tests_collected|run",
                            "tests/test_util.py::test_determine_execexam_return_code_interrupted|run",
                            "tests/test_util.py::test_determine_execexam_return_code_usage_error|run",
                            "tests/test_util.py::test_determine_execexam_return_code_other|run",
                            "tests/test_util.py::test_determine_execexam_return_code_internal_error|run",
                            "tests/test_main.py::test_run_with_missing_test|run"
                        ],
                        "11": [
                            "tests/test_util.py::test_determine_execexam_return_code_tests_failed|run",
                            "tests/test_util.py::test_determine_execexam_return_code_no_tests_collected|run",
                            "tests/test_util.py::test_determine_execexam_return_code_interrupted|run",
                            "tests/test_util.py::test_determine_execexam_return_code_usage_error|run",
                            "tests/test_util.py::test_determine_execexam_return_code_other|run",
                            "tests/test_util.py::test_determine_execexam_return_code_internal_error|run",
                            "tests/test_main.py::test_run_with_missing_test|run"
                        ],
                        "13": [
                            "tests/test_util.py::test_determine_execexam_return_code_no_tests_collected|run",
                            "tests/test_util.py::test_determine_execexam_return_code_interrupted|run",
                            "tests/test_util.py::test_determine_execexam_return_code_usage_error|run",
                            "tests/test_util.py::test_determine_execexam_return_code_other|run",
                            "tests/test_util.py::test_determine_execexam_return_code_internal_error|run",
                            "tests/test_main.py::test_run_with_missing_test|run"
                        ],
                        "15": [
                            "tests/test_util.py::test_determine_execexam_return_code_no_tests_collected|run",
                            "tests/test_util.py::test_determine_execexam_return_code_usage_error|run",
                            "tests/test_util.py::test_determine_execexam_return_code_other|run",
                            "tests/test_util.py::test_determine_execexam_return_code_internal_error|run",
                            "tests/test_main.py::test_run_with_missing_test|run"
                        ],
                        "17": [
                            "tests/test_util.py::test_determine_execexam_return_code_usage_error|run",
                            "tests/test_util.py::test_determine_execexam_return_code_other|run",
                            "tests/test_util.py::test_determine_execexam_return_code_no_tests_collected|run",
                            "tests/test_main.py::test_run_with_missing_test|run"
                        ],
                        "18": [
                            "tests/test_util.py::test_determine_execexam_return_code_usage_error|run",
                            "tests/test_main.py::test_run_with_missing_test|run"
                        ],
                        "21": [
                            "tests/test_util.py::test_determine_execexam_return_code_tests_failed|run",
                            "tests/test_util.py::test_determine_execexam_return_code_no_tests_collected|run",
                            "tests/test_util.py::test_determine_execexam_return_code_interrupted|run",
                            "tests/test_util.py::test_determine_execexam_return_code_usage_error|run",
                            "tests/test_util.py::test_determine_execexam_return_code_other|run",
                            "tests/test_util.py::test_determine_execexam_return_code_internal_error|run",
                            "tests/test_main.py::test_run_with_missing_test|run"
                        ],
                        "12": [
                            "tests/test_util.py::test_determine_execexam_return_code_tests_failed|run"
                        ],
                        "19": [
                            "tests/test_util.py::test_determine_execexam_return_code_other|run",
                            "tests/test_util.py::test_determine_execexam_return_code_no_tests_collected|run"
                        ],
                        "20": [
                            "tests/test_util.py::test_determine_execexam_return_code_no_tests_collected|run"
                        ],
                        "16": [
                            "tests/test_util.py::test_determine_execexam_return_code_internal_error|run"
                        ],
                        "14": [
                            "tests/test_util.py::test_determine_execexam_return_code_interrupted|run"
                        ]
                    },
                    "executed_branches": [],
                    "missing_branches": []
                }
            },
            "classes": {
                "": {
                    "executed_lines": [
                        1,
                        3,
                        6,
                        8,
                        11,
                        12,
                        13,
                        14,
                        15,
                        16,
                        17,
                        18,
                        19,
                        20,
                        21
                    ],
                    "summary": {
                        "covered_lines": 14,
                        "num_statements": 14,
                        "percent_covered": 100.0,
                        "percent_covered_display": "100",
                        "missing_lines": 0,
                        "excluded_lines": 0,
                        "num_branches": 10,
                        "num_partial_branches": 0,
                        "covered_branches": 10,
                        "missing_branches": 0
                    },
                    "missing_lines": [],
                    "excluded_lines": [],
                    "contexts": {
                        "1": [
                            "",
                            "tests/test_main.py::test_run_with_missing_test|run"
                        ],
                        "3": [
                            "",
                            "tests/test_main.py::test_run_with_missing_test|run"
                        ],
                        "6": [
                            "",
                            "tests/test_main.py::test_run_with_missing_test|run"
                        ],
                        "8": [
                            "tests/test_util.py::test_determine_execexam_return_code_tests_failed|run",
                            "tests/test_util.py::test_determine_execexam_return_code_no_tests_collected|run",
                            "tests/test_util.py::test_determine_execexam_return_code_interrupted|run",
                            "tests/test_util.py::test_determine_execexam_return_code_usage_error|run",
                            "tests/test_util.py::test_determine_execexam_return_code_other|run",
                            "tests/test_util.py::test_determine_execexam_return_code_internal_error|run",
                            "tests/test_main.py::test_run_with_missing_test|run"
                        ],
                        "11": [
                            "tests/test_util.py::test_determine_execexam_return_code_tests_failed|run",
                            "tests/test_util.py::test_determine_execexam_return_code_no_tests_collected|run",
                            "tests/test_util.py::test_determine_execexam_return_code_interrupted|run",
                            "tests/test_util.py::test_determine_execexam_return_code_usage_error|run",
                            "tests/test_util.py::test_determine_execexam_return_code_other|run",
                            "tests/test_util.py::test_determine_execexam_return_code_internal_error|run",
                            "tests/test_main.py::test_run_with_missing_test|run"
                        ],
                        "13": [
                            "tests/test_util.py::test_determine_execexam_return_code_no_tests_collected|run",
                            "tests/test_util.py::test_determine_execexam_return_code_interrupted|run",
                            "tests/test_util.py::test_determine_execexam_return_code_usage_error|run",
                            "tests/test_util.py::test_determine_execexam_return_code_other|run",
                            "tests/test_util.py::test_determine_execexam_return_code_internal_error|run",
                            "tests/test_main.py::test_run_with_missing_test|run"
                        ],
                        "15": [
                            "tests/test_util.py::test_determine_execexam_return_code_no_tests_collected|run",
                            "tests/test_util.py::test_determine_execexam_return_code_usage_error|run",
                            "tests/test_util.py::test_determine_execexam_return_code_other|run",
                            "tests/test_util.py::test_determine_execexam_return_code_internal_error|run",
                            "tests/test_main.py::test_run_with_missing_test|run"
                        ],
                        "17": [
                            "tests/test_util.py::test_determine_execexam_return_code_usage_error|run",
                            "tests/test_util.py::test_determine_execexam_return_code_other|run",
                            "tests/test_util.py::test_determine_execexam_return_code_no_tests_collected|run",
                            "tests/test_main.py::test_run_with_missing_test|run"
                        ],
                        "18": [
                            "tests/test_util.py::test_determine_execexam_return_code_usage_error|run",
                            "tests/test_main.py::test_run_with_missing_test|run"
                        ],
                        "21": [
                            "tests/test_util.py::test_determine_execexam_return_code_tests_failed|run",
                            "tests/test_util.py::test_determine_execexam_return_code_no_tests_collected|run",
                            "tests/test_util.py::test_determine_execexam_return_code_interrupted|run",
                            "tests/test_util.py::test_determine_execexam_return_code_usage_error|run",
                            "tests/test_util.py::test_determine_execexam_return_code_other|run",
                            "tests/test_util.py::test_determine_execexam_return_code_internal_error|run",
                            "tests/test_main.py::test_run_with_missing_test|run"
                        ],
                        "12": [
                            "tests/test_util.py::test_determine_execexam_return_code_tests_failed|run"
                        ],
                        "19": [
                            "tests/test_util.py::test_determine_execexam_return_code_other|run",
                            "tests/test_util.py::test_determine_execexam_return_code_no_tests_collected|run"
                        ],
                        "20": [
                            "tests/test_util.py::test_determine_execexam_return_code_no_tests_collected|run"
                        ],
                        "16": [
                            "tests/test_util.py::test_determine_execexam_return_code_internal_error|run"
                        ],
                        "14": [
                            "tests/test_util.py::test_determine_execexam_return_code_interrupted|run"
                        ]
                    },
                    "executed_branches": [
                        [
                            11,
                            12
                        ],
                        [
                            11,
                            13
                        ],
                        [
                            13,
                            14
                        ],
                        [
                            13,
                            15
                        ],
                        [
                            15,
                            16
                        ],
                        [
                            15,
                            17
                        ],
                        [
                            17,
                            18
                        ],
                        [
                            17,
                            19
                        ],
                        [
                            19,
                            20
                        ],
                        [
                            19,
                            21
                        ]
                    ],
                    "missing_branches": []
                }
            }
        }
    },
    "totals": {
        "covered_lines": 293,
        "num_statements": 458,
        "percent_covered": 61.51260504201681,
        "percent_covered_display": "62",
        "missing_lines": 165,
        "excluded_lines": 0,
        "num_branches": 137,
        "num_partial_branches": 14,
        "covered_branches": 73,
        "missing_branches": 64
    }
}